
AVRASM ver. 2.1.30  E:\Faculty of Engineering\Level 3\term 7\Embeded\IC_Tester\FINAL BUILD\74153\Debug\List\74153.asm Mon Jan 03 13:34:43 2022

                 
                 
                 ;CodeVisionAVR C Compiler V3.46a 
                 ;(C) Copyright 1998-2021 Pavel Haiduc, HP InfoTech S.R.L.
                 ;http://www.hpinfotech.ro
                 
                 ;Build configuration    : Debug
                 ;Chip type              : ATmega16
                 ;Program type           : Application
                 ;Clock frequency        : 8.000000 MHz
                 ;Memory model           : Small
                 ;Optimize for           : Size
                 ;(s)printf features     : int, width
                 ;(s)scanf features      : int, width
                 ;External RAM size      : 0
                 ;Data Stack size        : 256 byte(s)
                 ;Heap size              : 0 byte(s)
                 ;Promote 'char' to 'int': Yes
                 ;'char' is unsigned     : Yes
                 ;8 bit enums            : Yes
                 ;Global 'const' stored in FLASH: Yes
                 ;Enhanced function parameter passing: Mode 2
                 ;Enhanced core instructions: On
                 ;Automatic register allocation for global variables: On
                 ;Smart register allocation: On
                 
                 	#define _MODEL_SMALL_
                 
                 	#pragma AVRPART ADMIN PART_NAME ATmega16
                 	#pragma AVRPART MEMORY PROG_FLASH 16384
                 	#pragma AVRPART MEMORY EEPROM 512
                 	#pragma AVRPART MEMORY INT_SRAM SIZE 1024
                 	#pragma AVRPART MEMORY INT_SRAM START_ADDR 0x60
                 
                 	#define CALL_SUPPORTED 1
                 
                 	.LISTMAC
                 	.EQU UDRE=0x5
                 	.EQU RXC=0x7
                 	.EQU USR=0xB
                 	.EQU UDR=0xC
                 	.EQU SPSR=0xE
                 	.EQU SPDR=0xF
                 	.EQU EERE=0x0
                 	.EQU EEWE=0x1
                 	.EQU EEMWE=0x2
                 	.EQU EECR=0x1C
                 	.EQU EEDR=0x1D
                 	.EQU EEARL=0x1E
                 	.EQU EEARH=0x1F
                 	.EQU WDTCR=0x21
                 	.EQU MCUCR=0x35
                 	.EQU GICR=0x3B
                 	.EQU SPL=0x3D
                 	.EQU SPH=0x3E
                 	.EQU SREG=0x3F
                 
                 	.DEF R0X0=R0
                 	.DEF R0X1=R1
                 	.DEF R0X2=R2
                 	.DEF R0X3=R3
                 	.DEF R0X4=R4
                 	.DEF R0X5=R5
                 	.DEF R0X6=R6
                 	.DEF R0X7=R7
                 	.DEF R0X8=R8
                 	.DEF R0X9=R9
                 	.DEF R0XA=R10
                 	.DEF R0XB=R11
                 	.DEF R0XC=R12
                 	.DEF R0XD=R13
                 	.DEF R0XE=R14
                 	.DEF R0XF=R15
                 	.DEF R0X10=R16
                 	.DEF R0X11=R17
                 	.DEF R0X12=R18
                 	.DEF R0X13=R19
                 	.DEF R0X14=R20
                 	.DEF R0X15=R21
                 	.DEF R0X16=R22
                 	.DEF R0X17=R23
                 	.DEF R0X18=R24
                 	.DEF R0X19=R25
                 	.DEF R0X1A=R26
                 	.DEF R0X1B=R27
                 	.DEF R0X1C=R28
                 	.DEF R0X1D=R29
                 	.DEF R0X1E=R30
                 	.DEF R0X1F=R31
                 
                 	.EQU __SRAM_START=0x0060
                 	.EQU __SRAM_END=0x045F
                 	.EQU __DSTACK_SIZE=0x0100
                 	.EQU __HEAP_SIZE=0x0000
                 	.EQU __CLEAR_SRAM_SIZE=__SRAM_END-__SRAM_START+1
                 
                 	.MACRO __CPD1N
                 	CPI  R30,LOW(@0)
                 	LDI  R26,HIGH(@0)
                 	CPC  R31,R26
                 	LDI  R26,BYTE3(@0)
                 	CPC  R22,R26
                 	LDI  R26,BYTE4(@0)
                 	CPC  R23,R26
                 	.ENDM
                 
                 	.MACRO __CPD2N
                 	CPI  R26,LOW(@0)
                 	LDI  R30,HIGH(@0)
                 	CPC  R27,R30
                 	LDI  R30,BYTE3(@0)
                 	CPC  R24,R30
                 	LDI  R30,BYTE4(@0)
                 	CPC  R25,R30
                 	.ENDM
                 
                 	.MACRO __CPWRR
                 	CP   R@0,R@2
                 	CPC  R@1,R@3
                 	.ENDM
                 
                 	.MACRO __CPWRN
                 	CPI  R@0,LOW(@2)
                 	LDI  R30,HIGH(@2)
                 	CPC  R@1,R30
                 	.ENDM
                 
                 	.MACRO __ADDB1MN
                 	SUBI R30,LOW(-@0-(@1))
                 	.ENDM
                 
                 	.MACRO __ADDB2MN
                 	SUBI R26,LOW(-@0-(@1))
                 	.ENDM
                 
                 	.MACRO __ADDW1MN
                 	SUBI R30,LOW(-@0-(@1))
                 	SBCI R31,HIGH(-@0-(@1))
                 	.ENDM
                 
                 	.MACRO __ADDW2MN
                 	SUBI R26,LOW(-@0-(@1))
                 	SBCI R27,HIGH(-@0-(@1))
                 	.ENDM
                 
                 	.MACRO __ADDW1FN
                 	SUBI R30,LOW(-2*@0-(@1))
                 	SBCI R31,HIGH(-2*@0-(@1))
                 	.ENDM
                 
                 	.MACRO __ADDD1FN
                 	SUBI R30,LOW(-2*@0-(@1))
                 	SBCI R31,HIGH(-2*@0-(@1))
                 	SBCI R22,BYTE3(-2*@0-(@1))
                 	.ENDM
                 
                 	.MACRO __ADDD1N
                 	SUBI R30,LOW(-@0)
                 	SBCI R31,HIGH(-@0)
                 	SBCI R22,BYTE3(-@0)
                 	SBCI R23,BYTE4(-@0)
                 	.ENDM
                 
                 	.MACRO __ADDD2N
                 	SUBI R26,LOW(-@0)
                 	SBCI R27,HIGH(-@0)
                 	SBCI R24,BYTE3(-@0)
                 	SBCI R25,BYTE4(-@0)
                 	.ENDM
                 
                 	.MACRO __SUBD1N
                 	SUBI R30,LOW(@0)
                 	SBCI R31,HIGH(@0)
                 	SBCI R22,BYTE3(@0)
                 	SBCI R23,BYTE4(@0)
                 	.ENDM
                 
                 	.MACRO __SUBD2N
                 	SUBI R26,LOW(@0)
                 	SBCI R27,HIGH(@0)
                 	SBCI R24,BYTE3(@0)
                 	SBCI R25,BYTE4(@0)
                 	.ENDM
                 
                 	.MACRO __ANDBMNN
                 	LDS  R30,@0+(@1)
                 	ANDI R30,LOW(@2)
                 	STS  @0+(@1),R30
                 	.ENDM
                 
                 	.MACRO __ANDWMNN
                 	LDS  R30,@0+(@1)
                 	ANDI R30,LOW(@2)
                 	STS  @0+(@1),R30
                 	LDS  R30,@0+(@1)+1
                 	ANDI R30,HIGH(@2)
                 	STS  @0+(@1)+1,R30
                 	.ENDM
                 
                 	.MACRO __ANDD1N
                 	ANDI R30,LOW(@0)
                 	ANDI R31,HIGH(@0)
                 	ANDI R22,BYTE3(@0)
                 	ANDI R23,BYTE4(@0)
                 	.ENDM
                 
                 	.MACRO __ANDD2N
                 	ANDI R26,LOW(@0)
                 	ANDI R27,HIGH(@0)
                 	ANDI R24,BYTE3(@0)
                 	ANDI R25,BYTE4(@0)
                 	.ENDM
                 
                 	.MACRO __ORBMNN
                 	LDS  R30,@0+(@1)
                 	ORI  R30,LOW(@2)
                 	STS  @0+(@1),R30
                 	.ENDM
                 
                 	.MACRO __ORWMNN
                 	LDS  R30,@0+(@1)
                 	ORI  R30,LOW(@2)
                 	STS  @0+(@1),R30
                 	LDS  R30,@0+(@1)+1
                 	ORI  R30,HIGH(@2)
                 	STS  @0+(@1)+1,R30
                 	.ENDM
                 
                 	.MACRO __ORD1N
                 	ORI  R30,LOW(@0)
                 	ORI  R31,HIGH(@0)
                 	ORI  R22,BYTE3(@0)
                 	ORI  R23,BYTE4(@0)
                 	.ENDM
                 
                 	.MACRO __ORD2N
                 	ORI  R26,LOW(@0)
                 	ORI  R27,HIGH(@0)
                 	ORI  R24,BYTE3(@0)
                 	ORI  R25,BYTE4(@0)
                 	.ENDM
                 
                 	.MACRO __DELAY_USB
                 	LDI  R24,LOW(@0)
                 __DELAY_USB_LOOP:
                 	DEC  R24
                 	BRNE __DELAY_USB_LOOP
                 	.ENDM
                 
                 	.MACRO __DELAY_USW
                 	LDI  R24,LOW(@0)
                 	LDI  R25,HIGH(@0)
                 __DELAY_USW_LOOP:
                 	SBIW R24,1
                 	BRNE __DELAY_USW_LOOP
                 	.ENDM
                 
                 	.MACRO __GETW1P
                 	LD   R30,X+
                 	LD   R31,X
                 	SBIW R26,1
                 	.ENDM
                 
                 	.MACRO __GETD1S
                 	LDD  R30,Y+@0
                 	LDD  R31,Y+@0+1
                 	LDD  R22,Y+@0+2
                 	LDD  R23,Y+@0+3
                 	.ENDM
                 
                 	.MACRO __GETD2S
                 	LDD  R26,Y+@0
                 	LDD  R27,Y+@0+1
                 	LDD  R24,Y+@0+2
                 	LDD  R25,Y+@0+3
                 	.ENDM
                 
                 	.MACRO __GETD1P_INC
                 	LD   R30,X+
                 	LD   R31,X+
                 	LD   R22,X+
                 	LD   R23,X+
                 	.ENDM
                 
                 	.MACRO __GETD1P_DEC
                 	LD   R23,-X
                 	LD   R22,-X
                 	LD   R31,-X
                 	LD   R30,-X
                 	.ENDM
                 
                 	.MACRO __PUTDP1
                 	ST   X+,R30
                 	ST   X+,R31
                 	ST   X+,R22
                 	ST   X,R23
                 	.ENDM
                 
                 	.MACRO __PUTDP1_DEC
                 	ST   -X,R23
                 	ST   -X,R22
                 	ST   -X,R31
                 	ST   -X,R30
                 	.ENDM
                 
                 	.MACRO __PUTD1S
                 	STD  Y+@0,R30
                 	STD  Y+@0+1,R31
                 	STD  Y+@0+2,R22
                 	STD  Y+@0+3,R23
                 	.ENDM
                 
                 	.MACRO __PUTD2S
                 	STD  Y+@0,R26
                 	STD  Y+@0+1,R27
                 	STD  Y+@0+2,R24
                 	STD  Y+@0+3,R25
                 	.ENDM
                 
                 	.MACRO __PUTDZ2
                 	STD  Z+@0,R26
                 	STD  Z+@0+1,R27
                 	STD  Z+@0+2,R24
                 	STD  Z+@0+3,R25
                 	.ENDM
                 
                 	.MACRO __CLRD1S
                 	STD  Y+@0,R30
                 	STD  Y+@0+1,R30
                 	STD  Y+@0+2,R30
                 	STD  Y+@0+3,R30
                 	.ENDM
                 
                 	.MACRO __CPD10
                 	SBIW R30,0
                 	SBCI R22,0
                 	SBCI R23,0
                 	.ENDM
                 
                 	.MACRO __CPD20
                 	SBIW R26,0
                 	SBCI R24,0
                 	SBCI R25,0
                 	.ENDM
                 
                 	.MACRO __ADDD12
                 	ADD  R30,R26
                 	ADC  R31,R27
                 	ADC  R22,R24
                 	ADC  R23,R25
                 	.ENDM
                 
                 	.MACRO __ADDD21
                 	ADD  R26,R30
                 	ADC  R27,R31
                 	ADC  R24,R22
                 	ADC  R25,R23
                 	.ENDM
                 
                 	.MACRO __SUBD12
                 	SUB  R30,R26
                 	SBC  R31,R27
                 	SBC  R22,R24
                 	SBC  R23,R25
                 	.ENDM
                 
                 	.MACRO __SUBD21
                 	SUB  R26,R30
                 	SBC  R27,R31
                 	SBC  R24,R22
                 	SBC  R25,R23
                 	.ENDM
                 
                 	.MACRO __ANDD12
                 	AND  R30,R26
                 	AND  R31,R27
                 	AND  R22,R24
                 	AND  R23,R25
                 	.ENDM
                 
                 	.MACRO __ORD12
                 	OR   R30,R26
                 	OR   R31,R27
                 	OR   R22,R24
                 	OR   R23,R25
                 	.ENDM
                 
                 	.MACRO __XORD12
                 	EOR  R30,R26
                 	EOR  R31,R27
                 	EOR  R22,R24
                 	EOR  R23,R25
                 	.ENDM
                 
                 	.MACRO __XORD21
                 	EOR  R26,R30
                 	EOR  R27,R31
                 	EOR  R24,R22
                 	EOR  R25,R23
                 	.ENDM
                 
                 	.MACRO __COMD1
                 	COM  R30
                 	COM  R31
                 	COM  R22
                 	COM  R23
                 	.ENDM
                 
                 	.MACRO __MULD2_2
                 	LSL  R26
                 	ROL  R27
                 	ROL  R24
                 	ROL  R25
                 	.ENDM
                 
                 	.MACRO __LSRD1
                 	LSR  R23
                 	ROR  R22
                 	ROR  R31
                 	ROR  R30
                 	.ENDM
                 
                 	.MACRO __LSLD1
                 	LSL  R30
                 	ROL  R31
                 	ROL  R22
                 	ROL  R23
                 	.ENDM
                 
                 	.MACRO __ASRB4
                 	ASR  R30
                 	ASR  R30
                 	ASR  R30
                 	ASR  R30
                 	.ENDM
                 
                 	.MACRO __ASRW8
                 	MOV  R30,R31
                 	CLR  R31
                 	SBRC R30,7
                 	SER  R31
                 	.ENDM
                 
                 	.MACRO __LSRD16
                 	MOV  R30,R22
                 	MOV  R31,R23
                 	LDI  R22,0
                 	LDI  R23,0
                 	.ENDM
                 
                 	.MACRO __LSLD16
                 	MOV  R22,R30
                 	MOV  R23,R31
                 	LDI  R30,0
                 	LDI  R31,0
                 	.ENDM
                 
                 	.MACRO __CWD1
                 	MOV  R22,R31
                 	ADD  R22,R22
                 	SBC  R22,R22
                 	MOV  R23,R22
                 	.ENDM
                 
                 	.MACRO __CWD2
                 	MOV  R24,R27
                 	ADD  R24,R24
                 	SBC  R24,R24
                 	MOV  R25,R24
                 	.ENDM
                 
                 	.MACRO __SETMSD1
                 	SER  R31
                 	SER  R22
                 	SER  R23
                 	.ENDM
                 
                 	.MACRO __ADDW1R15
                 	CLR  R0
                 	ADD  R30,R15
                 	ADC  R31,R0
                 	.ENDM
                 
                 	.MACRO __ADDW2R15
                 	CLR  R0
                 	ADD  R26,R15
                 	ADC  R27,R0
                 	.ENDM
                 
                 	.MACRO __EQB12
                 	CP   R30,R26
                 	LDI  R30,1
                 	BREQ PC+2
                 	CLR  R30
                 	.ENDM
                 
                 	.MACRO __NEB12
                 	CP   R30,R26
                 	LDI  R30,1
                 	BRNE PC+2
                 	CLR  R30
                 	.ENDM
                 
                 	.MACRO __LEB12
                 	CP   R30,R26
                 	LDI  R30,1
                 	BRGE PC+2
                 	CLR  R30
                 	.ENDM
                 
                 	.MACRO __GEB12
                 	CP   R26,R30
                 	LDI  R30,1
                 	BRGE PC+2
                 	CLR  R30
                 	.ENDM
                 
                 	.MACRO __LTB12
                 	CP   R26,R30
                 	LDI  R30,1
                 	BRLT PC+2
                 	CLR  R30
                 	.ENDM
                 
                 	.MACRO __GTB12
                 	CP   R30,R26
                 	LDI  R30,1
                 	BRLT PC+2
                 	CLR  R30
                 	.ENDM
                 
                 	.MACRO __LEB12U
                 	CP   R30,R26
                 	LDI  R30,1
                 	BRSH PC+2
                 	CLR  R30
                 	.ENDM
                 
                 	.MACRO __GEB12U
                 	CP   R26,R30
                 	LDI  R30,1
                 	BRSH PC+2
                 	CLR  R30
                 	.ENDM
                 
                 	.MACRO __LTB12U
                 	CP   R26,R30
                 	LDI  R30,1
                 	BRLO PC+2
                 	CLR  R30
                 	.ENDM
                 
                 	.MACRO __GTB12U
                 	CP   R30,R26
                 	LDI  R30,1
                 	BRLO PC+2
                 	CLR  R30
                 	.ENDM
                 
                 	.MACRO __CPW01
                 	CLR  R0
                 	CP   R0,R30
                 	CPC  R0,R31
                 	.ENDM
                 
                 	.MACRO __CPW02
                 	CLR  R0
                 	CP   R0,R26
                 	CPC  R0,R27
                 	.ENDM
                 
                 	.MACRO __CPD12
                 	CP   R30,R26
                 	CPC  R31,R27
                 	CPC  R22,R24
                 	CPC  R23,R25
                 	.ENDM
                 
                 	.MACRO __CPD21
                 	CP   R26,R30
                 	CPC  R27,R31
                 	CPC  R24,R22
                 	CPC  R25,R23
                 	.ENDM
                 
                 	.MACRO __BSTB1
                 	CLT
                 	TST  R30
                 	BREQ PC+2
                 	SET
                 	.ENDM
                 
                 	.MACRO __LNEGB1
                 	TST  R30
                 	LDI  R30,1
                 	BREQ PC+2
                 	CLR  R30
                 	.ENDM
                 
                 	.MACRO __LNEGW1
                 	OR   R30,R31
                 	LDI  R30,1
                 	BREQ PC+2
                 	LDI  R30,0
                 	.ENDM
                 
                 	.MACRO __POINTB1MN
                 	LDI  R30,LOW(@0+(@1))
                 	.ENDM
                 
                 	.MACRO __POINTW1MN
                 	LDI  R30,LOW(@0+(@1))
                 	LDI  R31,HIGH(@0+(@1))
                 	.ENDM
                 
                 	.MACRO __POINTD1M
                 	LDI  R30,LOW(@0)
                 	LDI  R31,HIGH(@0)
                 	LDI  R22,BYTE3(@0)
                 	LDI  R23,BYTE4(@0)
                 	.ENDM
                 
                 	.MACRO __POINTW1FN
                 	LDI  R30,LOW(2*@0+(@1))
                 	LDI  R31,HIGH(2*@0+(@1))
                 	.ENDM
                 
                 	.MACRO __POINTD1FN
                 	LDI  R30,LOW(2*@0+(@1))
                 	LDI  R31,HIGH(2*@0+(@1))
                 	LDI  R22,BYTE3(2*@0+(@1))
                 	LDI  R23,BYTE4(2*@0+(@1))
                 	.ENDM
                 
                 	.MACRO __POINTB2MN
                 	LDI  R26,LOW(@0+(@1))
                 	.ENDM
                 
                 	.MACRO __POINTW2MN
                 	LDI  R26,LOW(@0+(@1))
                 	LDI  R27,HIGH(@0+(@1))
                 	.ENDM
                 
                 	.MACRO __POINTD2M
                 	LDI  R26,LOW(@0)
                 	LDI  R27,HIGH(@0)
                 	LDI  R24,BYTE3(@0)
                 	LDI  R25,BYTE4(@0)
                 	.ENDM
                 
                 	.MACRO __POINTW2FN
                 	LDI  R26,LOW(2*@0+(@1))
                 	LDI  R27,HIGH(2*@0+(@1))
                 	.ENDM
                 
                 	.MACRO __POINTD2FN
                 	LDI  R26,LOW(2*@0+(@1))
                 	LDI  R27,HIGH(2*@0+(@1))
                 	LDI  R24,BYTE3(2*@0+(@1))
                 	LDI  R25,BYTE4(2*@0+(@1))
                 	.ENDM
                 
                 	.MACRO __POINTBRM
                 	LDI  R@0,LOW(@1)
                 	.ENDM
                 
                 	.MACRO __POINTWRM
                 	LDI  R@0,LOW(@2)
                 	LDI  R@1,HIGH(@2)
                 	.ENDM
                 
                 	.MACRO __POINTBRMN
                 	LDI  R@0,LOW(@1+(@2))
                 	.ENDM
                 
                 	.MACRO __POINTWRMN
                 	LDI  R@0,LOW(@2+(@3))
                 	LDI  R@1,HIGH(@2+(@3))
                 	.ENDM
                 
                 	.MACRO __POINTWRFN
                 	LDI  R@0,LOW(@2*2+(@3))
                 	LDI  R@1,HIGH(@2*2+(@3))
                 	.ENDM
                 
                 	.MACRO __GETD1N
                 	LDI  R30,LOW(@0)
                 	LDI  R31,HIGH(@0)
                 	LDI  R22,BYTE3(@0)
                 	LDI  R23,BYTE4(@0)
                 	.ENDM
                 
                 	.MACRO __GETD2N
                 	LDI  R26,LOW(@0)
                 	LDI  R27,HIGH(@0)
                 	LDI  R24,BYTE3(@0)
                 	LDI  R25,BYTE4(@0)
                 	.ENDM
                 
                 	.MACRO __GETB1MN
                 	LDS  R30,@0+(@1)
                 	.ENDM
                 
                 	.MACRO __GETB1HMN
                 	LDS  R31,@0+(@1)
                 	.ENDM
                 
                 	.MACRO __GETW1MN
                 	LDS  R30,@0+(@1)
                 	LDS  R31,@0+(@1)+1
                 	.ENDM
                 
                 	.MACRO __GETD1MN
                 	LDS  R30,@0+(@1)
                 	LDS  R31,@0+(@1)+1
                 	LDS  R22,@0+(@1)+2
                 	LDS  R23,@0+(@1)+3
                 	.ENDM
                 
                 	.MACRO __GETBRMN
                 	LDS  R@0,@1+(@2)
                 	.ENDM
                 
                 	.MACRO __GETWRMN
                 	LDS  R@0,@2+(@3)
                 	LDS  R@1,@2+(@3)+1
                 	.ENDM
                 
                 	.MACRO __GETWRZ
                 	LDD  R@0,Z+@2
                 	LDD  R@1,Z+@2+1
                 	.ENDM
                 
                 	.MACRO __GETD2Z
                 	LDD  R26,Z+@0
                 	LDD  R27,Z+@0+1
                 	LDD  R24,Z+@0+2
                 	LDD  R25,Z+@0+3
                 	.ENDM
                 
                 	.MACRO __GETB2MN
                 	LDS  R26,@0+(@1)
                 	.ENDM
                 
                 	.MACRO __GETW2MN
                 	LDS  R26,@0+(@1)
                 	LDS  R27,@0+(@1)+1
                 	.ENDM
                 
                 	.MACRO __GETD2MN
                 	LDS  R26,@0+(@1)
                 	LDS  R27,@0+(@1)+1
                 	LDS  R24,@0+(@1)+2
                 	LDS  R25,@0+(@1)+3
                 	.ENDM
                 
                 	.MACRO __PUTB1MN
                 	STS  @0+(@1),R30
                 	.ENDM
                 
                 	.MACRO __PUTW1MN
                 	STS  @0+(@1),R30
                 	STS  @0+(@1)+1,R31
                 	.ENDM
                 
                 	.MACRO __PUTD1MN
                 	STS  @0+(@1),R30
                 	STS  @0+(@1)+1,R31
                 	STS  @0+(@1)+2,R22
                 	STS  @0+(@1)+3,R23
                 	.ENDM
                 
                 	.MACRO __PUTB1EN
                 	LDI  R26,LOW(@0+(@1))
                 	LDI  R27,HIGH(@0+(@1))
                 	CALL __EEPROMWRB
                 	.ENDM
                 
                 	.MACRO __PUTW1EN
                 	LDI  R26,LOW(@0+(@1))
                 	LDI  R27,HIGH(@0+(@1))
                 	CALL __EEPROMWRW
                 	.ENDM
                 
                 	.MACRO __PUTD1EN
                 	LDI  R26,LOW(@0+(@1))
                 	LDI  R27,HIGH(@0+(@1))
                 	CALL __EEPROMWRD
                 	.ENDM
                 
                 	.MACRO __PUTBR0MN
                 	STS  @0+(@1),R0
                 	.ENDM
                 
                 	.MACRO __PUTBMRN
                 	STS  @0+(@1),R@2
                 	.ENDM
                 
                 	.MACRO __PUTWMRN
                 	STS  @0+(@1),R@2
                 	STS  @0+(@1)+1,R@3
                 	.ENDM
                 
                 	.MACRO __PUTBZR
                 	STD  Z+@1,R@0
                 	.ENDM
                 
                 	.MACRO __PUTWZR
                 	STD  Z+@2,R@0
                 	STD  Z+@2+1,R@1
                 	.ENDM
                 
                 	.MACRO __GETW1R
                 	MOV  R30,R@0
                 	MOV  R31,R@1
                 	.ENDM
                 
                 	.MACRO __GETW2R
                 	MOV  R26,R@0
                 	MOV  R27,R@1
                 	.ENDM
                 
                 	.MACRO __GETWRN
                 	LDI  R@0,LOW(@2)
                 	LDI  R@1,HIGH(@2)
                 	.ENDM
                 
                 	.MACRO __PUTW1R
                 	MOV  R@0,R30
                 	MOV  R@1,R31
                 	.ENDM
                 
                 	.MACRO __PUTW2R
                 	MOV  R@0,R26
                 	MOV  R@1,R27
                 	.ENDM
                 
                 	.MACRO __ADDWRN
                 	SUBI R@0,LOW(-@2)
                 	SBCI R@1,HIGH(-@2)
                 	.ENDM
                 
                 	.MACRO __ADDWRR
                 	ADD  R@0,R@2
                 	ADC  R@1,R@3
                 	.ENDM
                 
                 	.MACRO __SUBWRN
                 	SUBI R@0,LOW(@2)
                 	SBCI R@1,HIGH(@2)
                 	.ENDM
                 
                 	.MACRO __SUBWRR
                 	SUB  R@0,R@2
                 	SBC  R@1,R@3
                 	.ENDM
                 
                 	.MACRO __ANDWRN
                 	ANDI R@0,LOW(@2)
                 	ANDI R@1,HIGH(@2)
                 	.ENDM
                 
                 	.MACRO __ANDWRR
                 	AND  R@0,R@2
                 	AND  R@1,R@3
                 	.ENDM
                 
                 	.MACRO __ORWRN
                 	ORI  R@0,LOW(@2)
                 	ORI  R@1,HIGH(@2)
                 	.ENDM
                 
                 	.MACRO __ORWRR
                 	OR   R@0,R@2
                 	OR   R@1,R@3
                 	.ENDM
                 
                 	.MACRO __EORWRR
                 	EOR  R@0,R@2
                 	EOR  R@1,R@3
                 	.ENDM
                 
                 	.MACRO __GETWRS
                 	LDD  R@0,Y+@2
                 	LDD  R@1,Y+@2+1
                 	.ENDM
                 
                 	.MACRO __PUTBSR
                 	STD  Y+@1,R@0
                 	.ENDM
                 
                 	.MACRO __PUTWSR
                 	STD  Y+@2,R@0
                 	STD  Y+@2+1,R@1
                 	.ENDM
                 
                 	.MACRO __MOVEWRR
                 	MOV  R@0,R@2
                 	MOV  R@1,R@3
                 	.ENDM
                 
                 	.MACRO __INWR
                 	IN   R@0,@2
                 	IN   R@1,@2+1
                 	.ENDM
                 
                 	.MACRO __OUTWR
                 	OUT  @2+1,R@1
                 	OUT  @2,R@0
                 	.ENDM
                 
                 	.MACRO __CALL1MN
                 	LDS  R30,@0+(@1)
                 	LDS  R31,@0+(@1)+1
                 	ICALL
                 	.ENDM
                 
                 	.MACRO __CALL1FN
                 	LDI  R30,LOW(2*@0+(@1))
                 	LDI  R31,HIGH(2*@0+(@1))
                 	CALL __GETW1PF
                 	ICALL
                 	.ENDM
                 
                 	.MACRO __CALL2EN
                 	PUSH R26
                 	PUSH R27
                 	LDI  R26,LOW(@0+(@1))
                 	LDI  R27,HIGH(@0+(@1))
                 	CALL __EEPROMRDW
                 	POP  R27
                 	POP  R26
                 	ICALL
                 	.ENDM
                 
                 	.MACRO __CALL2EX
                 	SUBI R26,LOW(-@0)
                 	SBCI R27,HIGH(-@0)
                 	CALL __EEPROMRDD
                 	ICALL
                 	.ENDM
                 
                 	.MACRO __GETW1STACK
                 	IN   R30,SPL
                 	IN   R31,SPH
                 	ADIW R30,@0+1
                 	LD   R0,Z+
                 	LD   R31,Z
                 	MOV  R30,R0
                 	.ENDM
                 
                 	.MACRO __GETD1STACK
                 	IN   R30,SPL
                 	IN   R31,SPH
                 	ADIW R30,@0+1
                 	LD   R0,Z+
                 	LD   R1,Z+
                 	LD   R22,Z
                 	MOVW R30,R0
                 	.ENDM
                 
                 	.MACRO __NBST
                 	BST  R@0,@1
                 	IN   R30,SREG
                 	LDI  R31,0x40
                 	EOR  R30,R31
                 	OUT  SREG,R30
                 	.ENDM
                 
                 
                 	.MACRO __PUTB1SN
                 	LDD  R26,Y+@0
                 	LDD  R27,Y+@0+1
                 	SUBI R26,LOW(-@1)
                 	SBCI R27,HIGH(-@1)
                 	ST   X,R30
                 	.ENDM
                 
                 	.MACRO __PUTW1SN
                 	LDD  R26,Y+@0
                 	LDD  R27,Y+@0+1
                 	SUBI R26,LOW(-@1)
                 	SBCI R27,HIGH(-@1)
                 	ST   X+,R30
                 	ST   X,R31
                 	.ENDM
                 
                 	.MACRO __PUTD1SN
                 	LDD  R26,Y+@0
                 	LDD  R27,Y+@0+1
                 	SUBI R26,LOW(-@1)
                 	SBCI R27,HIGH(-@1)
                 	ST   X+,R30
                 	ST   X+,R31
                 	ST   X+,R22
                 	ST   X,R23
                 	.ENDM
                 
                 	.MACRO __PUTB1SNS
                 	LDD  R26,Y+@0
                 	LDD  R27,Y+@0+1
                 	ADIW R26,@1
                 	ST   X,R30
                 	.ENDM
                 
                 	.MACRO __PUTW1SNS
                 	LDD  R26,Y+@0
                 	LDD  R27,Y+@0+1
                 	ADIW R26,@1
                 	ST   X+,R30
                 	ST   X,R31
                 	.ENDM
                 
                 	.MACRO __PUTD1SNS
                 	LDD  R26,Y+@0
                 	LDD  R27,Y+@0+1
                 	ADIW R26,@1
                 	ST   X+,R30
                 	ST   X+,R31
                 	ST   X+,R22
                 	ST   X,R23
                 	.ENDM
                 
                 	.MACRO __PUTB1PMN
                 	LDS  R26,@0
                 	LDS  R27,@0+1
                 	SUBI R26,LOW(-@1)
                 	SBCI R27,HIGH(-@1)
                 	ST   X,R30
                 	.ENDM
                 
                 	.MACRO __PUTW1PMN
                 	LDS  R26,@0
                 	LDS  R27,@0+1
                 	SUBI R26,LOW(-@1)
                 	SBCI R27,HIGH(-@1)
                 	ST   X+,R30
                 	ST   X,R31
                 	.ENDM
                 
                 	.MACRO __PUTD1PMN
                 	LDS  R26,@0
                 	LDS  R27,@0+1
                 	SUBI R26,LOW(-@1)
                 	SBCI R27,HIGH(-@1)
                 	ST   X+,R30
                 	ST   X+,R31
                 	ST   X+,R22
                 	ST   X,R23
                 	.ENDM
                 
                 	.MACRO __PUTB1PMNS
                 	LDS  R26,@0
                 	LDS  R27,@0+1
                 	ADIW R26,@1
                 	ST   X,R30
                 	.ENDM
                 
                 	.MACRO __PUTW1PMNS
                 	LDS  R26,@0
                 	LDS  R27,@0+1
                 	ADIW R26,@1
                 	ST   X+,R30
                 	ST   X,R31
                 	.ENDM
                 
                 	.MACRO __PUTD1PMNS
                 	LDS  R26,@0
                 	LDS  R27,@0+1
                 	ADIW R26,@1
                 	ST   X+,R30
                 	ST   X+,R31
                 	ST   X+,R22
                 	ST   X,R23
                 	.ENDM
                 
                 	.MACRO __PUTB1RN
                 	MOVW R26,R@0
                 	SUBI R26,LOW(-@1)
                 	SBCI R27,HIGH(-@1)
                 	ST   X,R30
                 	.ENDM
                 
                 	.MACRO __PUTW1RN
                 	MOVW R26,R@0
                 	SUBI R26,LOW(-@1)
                 	SBCI R27,HIGH(-@1)
                 	ST   X+,R30
                 	ST   X,R31
                 	.ENDM
                 
                 	.MACRO __PUTD1RN
                 	MOVW R26,R@0
                 	SUBI R26,LOW(-@1)
                 	SBCI R27,HIGH(-@1)
                 	ST   X+,R30
                 	ST   X+,R31
                 	ST   X+,R22
                 	ST   X,R23
                 	.ENDM
                 
                 	.MACRO __PUTB1RNS
                 	MOVW R26,R@0
                 	ADIW R26,@1
                 	ST   X,R30
                 	.ENDM
                 
                 	.MACRO __PUTW1RNS
                 	MOVW R26,R@0
                 	ADIW R26,@1
                 	ST   X+,R30
                 	ST   X,R31
                 	.ENDM
                 
                 	.MACRO __PUTD1RNS
                 	MOVW R26,R@0
                 	ADIW R26,@1
                 	ST   X+,R30
                 	ST   X+,R31
                 	ST   X+,R22
                 	ST   X,R23
                 	.ENDM
                 
                 	.MACRO __PUTB1RON
                 	MOV  R26,R@0
                 	MOV  R27,R@1
                 	SUBI R26,LOW(-@2)
                 	SBCI R27,HIGH(-@2)
                 	ST   X,R30
                 	.ENDM
                 
                 	.MACRO __PUTW1RON
                 	MOV  R26,R@0
                 	MOV  R27,R@1
                 	SUBI R26,LOW(-@2)
                 	SBCI R27,HIGH(-@2)
                 	ST   X+,R30
                 	ST   X,R31
                 	.ENDM
                 
                 	.MACRO __PUTD1RON
                 	MOV  R26,R@0
                 	MOV  R27,R@1
                 	SUBI R26,LOW(-@2)
                 	SBCI R27,HIGH(-@2)
                 	ST   X+,R30
                 	ST   X+,R31
                 	ST   X+,R22
                 	ST   X,R23
                 	.ENDM
                 
                 	.MACRO __PUTB1RONS
                 	MOV  R26,R@0
                 	MOV  R27,R@1
                 	ADIW R26,@2
                 	ST   X,R30
                 	.ENDM
                 
                 	.MACRO __PUTW1RONS
                 	MOV  R26,R@0
                 	MOV  R27,R@1
                 	ADIW R26,@2
                 	ST   X+,R30
                 	ST   X,R31
                 	.ENDM
                 
                 	.MACRO __PUTD1RONS
                 	MOV  R26,R@0
                 	MOV  R27,R@1
                 	ADIW R26,@2
                 	ST   X+,R30
                 	ST   X+,R31
                 	ST   X+,R22
                 	ST   X,R23
                 	.ENDM
                 
                 
                 	.MACRO __GETB1SX
                 	MOVW R30,R28
                 	SUBI R30,LOW(-@0)
                 	SBCI R31,HIGH(-@0)
                 	LD   R30,Z
                 	.ENDM
                 
                 	.MACRO __GETB1HSX
                 	MOVW R30,R28
                 	SUBI R30,LOW(-@0)
                 	SBCI R31,HIGH(-@0)
                 	LD   R31,Z
                 	.ENDM
                 
                 	.MACRO __GETW1SX
                 	MOVW R30,R28
                 	SUBI R30,LOW(-@0)
                 	SBCI R31,HIGH(-@0)
                 	CALL __GETW1Z
                 	.ENDM
                 
                 	.MACRO __GETD1SX
                 	MOVW R30,R28
                 	SUBI R30,LOW(-@0)
                 	SBCI R31,HIGH(-@0)
                 	CALL __GETD1Z
                 	.ENDM
                 
                 	.MACRO __GETB2SX
                 	MOVW R26,R28
                 	SUBI R26,LOW(-@0)
                 	SBCI R27,HIGH(-@0)
                 	LD   R26,X
                 	.ENDM
                 
                 	.MACRO __GETW2SX
                 	MOVW R26,R28
                 	SUBI R26,LOW(-@0)
                 	SBCI R27,HIGH(-@0)
                 	CALL __GETW2X
                 	.ENDM
                 
                 	.MACRO __GETD2SX
                 	MOVW R26,R28
                 	SUBI R26,LOW(-@0)
                 	SBCI R27,HIGH(-@0)
                 	CALL __GETD2X
                 	.ENDM
                 
                 	.MACRO __GETBRSX
                 	MOVW R30,R28
                 	SUBI R30,LOW(-@1)
                 	SBCI R31,HIGH(-@1)
                 	LD   R@0,Z
                 	.ENDM
                 
                 	.MACRO __GETWRSX
                 	MOVW R30,R28
                 	SUBI R30,LOW(-@2)
                 	SBCI R31,HIGH(-@2)
                 	LD   R@0,Z+
                 	LD   R@1,Z
                 	.ENDM
                 
                 	.MACRO __GETBRSX2
                 	MOVW R26,R28
                 	SUBI R26,LOW(-@1)
                 	SBCI R27,HIGH(-@1)
                 	LD   R@0,X
                 	.ENDM
                 
                 	.MACRO __GETWRSX2
                 	MOVW R26,R28
                 	SUBI R26,LOW(-@2)
                 	SBCI R27,HIGH(-@2)
                 	LD   R@0,X+
                 	LD   R@1,X
                 	.ENDM
                 
                 	.MACRO __LSLW8SX
                 	MOVW R30,R28
                 	SUBI R30,LOW(-@0)
                 	SBCI R31,HIGH(-@0)
                 	LD   R31,Z
                 	CLR  R30
                 	.ENDM
                 
                 	.MACRO __PUTB1SX
                 	MOVW R26,R28
                 	SUBI R26,LOW(-@0)
                 	SBCI R27,HIGH(-@0)
                 	ST   X,R30
                 	.ENDM
                 
                 	.MACRO __PUTW1SX
                 	MOVW R26,R28
                 	SUBI R26,LOW(-@0)
                 	SBCI R27,HIGH(-@0)
                 	ST   X+,R30
                 	ST   X,R31
                 	.ENDM
                 
                 	.MACRO __PUTD1SX
                 	MOVW R26,R28
                 	SUBI R26,LOW(-@0)
                 	SBCI R27,HIGH(-@0)
                 	ST   X+,R30
                 	ST   X+,R31
                 	ST   X+,R22
                 	ST   X,R23
                 	.ENDM
                 
                 	.MACRO __CLRW1SX
                 	MOVW R26,R28
                 	SUBI R26,LOW(-@0)
                 	SBCI R27,HIGH(-@0)
                 	ST   X+,R30
                 	ST   X,R30
                 	.ENDM
                 
                 	.MACRO __CLRD1SX
                 	MOVW R26,R28
                 	SUBI R26,LOW(-@0)
                 	SBCI R27,HIGH(-@0)
                 	ST   X+,R30
                 	ST   X+,R30
                 	ST   X+,R30
                 	ST   X,R30
                 	.ENDM
                 
                 	.MACRO __PUTB2SX
                 	MOVW R30,R28
                 	SUBI R30,LOW(-@0)
                 	SBCI R31,HIGH(-@0)
                 	ST   Z,R26
                 	.ENDM
                 
                 	.MACRO __PUTW2SX
                 	MOVW R30,R28
                 	SUBI R30,LOW(-@0)
                 	SBCI R31,HIGH(-@0)
                 	ST   Z+,R26
                 	ST   Z,R27
                 	.ENDM
                 
                 	.MACRO __PUTD2SX
                 	MOVW R30,R28
                 	SUBI R30,LOW(-@0)
                 	SBCI R31,HIGH(-@0)
                 	ST   Z+,R26
                 	ST   Z+,R27
                 	ST   Z+,R24
                 	ST   Z,R25
                 	.ENDM
                 
                 	.MACRO __PUTBSRX
                 	MOVW R30,R28
                 	SUBI R30,LOW(-@1)
                 	SBCI R31,HIGH(-@1)
                 	ST   Z,R@0
                 	.ENDM
                 
                 	.MACRO __PUTWSRX
                 	MOVW R30,R28
                 	SUBI R30,LOW(-@2)
                 	SBCI R31,HIGH(-@2)
                 	ST   Z+,R@0
                 	ST   Z,R@1
                 	.ENDM
                 
                 	.MACRO __PUTB1SNX
                 	MOVW R26,R28
                 	SUBI R26,LOW(-@0)
                 	SBCI R27,HIGH(-@0)
                 	LD   R0,X+
                 	LD   R27,X
                 	MOV  R26,R0
                 	SUBI R26,LOW(-@1)
                 	SBCI R27,HIGH(-@1)
                 	ST   X,R30
                 	.ENDM
                 
                 	.MACRO __PUTW1SNX
                 	MOVW R26,R28
                 	SUBI R26,LOW(-@0)
                 	SBCI R27,HIGH(-@0)
                 	LD   R0,X+
                 	LD   R27,X
                 	MOV  R26,R0
                 	SUBI R26,LOW(-@1)
                 	SBCI R27,HIGH(-@1)
                 	ST   X+,R30
                 	ST   X,R31
                 	.ENDM
                 
                 	.MACRO __PUTD1SNX
                 	MOVW R26,R28
                 	SUBI R26,LOW(-@0)
                 	SBCI R27,HIGH(-@0)
                 	LD   R0,X+
                 	LD   R27,X
                 	MOV  R26,R0
                 	SUBI R26,LOW(-@1)
                 	SBCI R27,HIGH(-@1)
                 	ST   X+,R30
                 	ST   X+,R31
                 	ST   X+,R22
                 	ST   X,R23
                 	.ENDM
                 
                 	.MACRO __MULBRR
                 	MULS R@0,R@1
                 	MOVW R30,R0
                 	.ENDM
                 
                 	.MACRO __MULBRRU
                 	MUL  R@0,R@1
                 	MOVW R30,R0
                 	.ENDM
                 
                 	.MACRO __MULBRR0
                 	MULS R@0,R@1
                 	.ENDM
                 
                 	.MACRO __MULBRRU0
                 	MUL  R@0,R@1
                 	.ENDM
                 
                 	.MACRO __MULBNWRU
                 	LDI  R26,@2
                 	MUL  R26,R@0
                 	MOVW R30,R0
                 	MUL  R26,R@1
                 	ADD  R31,R0
                 	.ENDM
                 
                 	.CSEG
                 	.ORG 0x00
                 
                 ;START OF CODE MARKER
                 __START_OF_CODE:
                 
                 ;INTERRUPT VECTORS
000000 940c 003b 	JMP  __RESET
000002 940c 0000 	JMP  0x00
000004 940c 0000 	JMP  0x00
000006 940c 0000 	JMP  0x00
000008 940c 0000 	JMP  0x00
00000a 940c 0000 	JMP  0x00
00000c 940c 0000 	JMP  0x00
00000e 940c 0000 	JMP  0x00
000010 940c 0000 	JMP  0x00
000012 940c 0000 	JMP  0x00
000014 940c 0000 	JMP  0x00
000016 940c 0000 	JMP  0x00
000018 940c 0000 	JMP  0x00
00001a 940c 0000 	JMP  0x00
00001c 940c 0000 	JMP  0x00
00001e 940c 0000 	JMP  0x00
000020 940c 0000 	JMP  0x00
000022 940c 0000 	JMP  0x00
000024 940c 0000 	JMP  0x00
000026 940c 0000 	JMP  0x00
000028 940c 0000 	JMP  0x00
                 
                 _tbl10_G100:
00002a 2710
00002b 03e8
00002c 0064
00002d 000a      	.DB  0x10,0x27,0xE8,0x3,0x64,0x0,0xA,0x0
00002e 0001      	.DB  0x1,0x0
                 _tbl16_G100:
00002f 1000
000030 0100
000031 0010
000032 0001      	.DB  0x0,0x10,0x0,0x1,0x10,0x0,0x1,0x0
                 
                 _0x0:
000033 6369
000034 3437
000035 3531
000036 0033      	.DB  0x69,0x63,0x37,0x34,0x31,0x35,0x33,0x0
                 
                 __GLOBAL_INI_TBL:
000037 0008      	.DW  0x08
000038 0160      	.DW  _0xA
000039 0066      	.DW  _0x0*2
                 
                 _0xFFFFFFFF:
00003a 0000      	.DW  0
                 
                 #define __GLOBAL_INI_TBL_PRESENT 1
                 
                 __RESET:
00003b 94f8      	CLI
00003c 27ee      	CLR  R30
00003d bbec      	OUT  EECR,R30
                 
                 ;INTERRUPT VECTORS ARE PLACED
                 ;AT THE START OF FLASH
00003e e0f1      	LDI  R31,1
00003f bffb      	OUT  GICR,R31
000040 bfeb      	OUT  GICR,R30
000041 bfe5      	OUT  MCUCR,R30
                 
                 ;CLEAR R2-R14
000042 e08d      	LDI  R24,(14-2)+1
000043 e0a2      	LDI  R26,2
000044 27bb      	CLR  R27
                 __CLEAR_REG:
000045 93ed      	ST   X+,R30
000046 958a      	DEC  R24
000047 f7e9      	BRNE __CLEAR_REG
                 
                 ;CLEAR SRAM
000048 e080      	LDI  R24,LOW(__CLEAR_SRAM_SIZE)
000049 e094      	LDI  R25,HIGH(__CLEAR_SRAM_SIZE)
00004a e6a0      	LDI  R26,__SRAM_START
                 __CLEAR_SRAM:
00004b 93ed      	ST   X+,R30
00004c 9701      	SBIW R24,1
00004d f7e9      	BRNE __CLEAR_SRAM
                 
                 ;GLOBAL VARIABLES INITIALIZATION
00004e e6ee      	LDI  R30,LOW(__GLOBAL_INI_TBL*2)
00004f e0f0      	LDI  R31,HIGH(__GLOBAL_INI_TBL*2)
                 __GLOBAL_INI_NEXT:
000050 9185      	LPM  R24,Z+
000051 9195      	LPM  R25,Z+
000052 9700      	SBIW R24,0
000053 f061      	BREQ __GLOBAL_INI_END
000054 91a5      	LPM  R26,Z+
000055 91b5      	LPM  R27,Z+
000056 9005      	LPM  R0,Z+
000057 9015      	LPM  R1,Z+
000058 01bf      	MOVW R22,R30
000059 01f0      	MOVW R30,R0
                 __GLOBAL_INI_LOOP:
00005a 9005      	LPM  R0,Z+
00005b 920d      	ST   X+,R0
00005c 9701      	SBIW R24,1
00005d f7e1      	BRNE __GLOBAL_INI_LOOP
00005e 01fb      	MOVW R30,R22
00005f cff0      	RJMP __GLOBAL_INI_NEXT
                 __GLOBAL_INI_END:
                 
                 ;HARDWARE STACK POINTER INITIALIZATION
000060 e5ef      	LDI  R30,LOW(__SRAM_END-__HEAP_SIZE)
000061 bfed      	OUT  SPL,R30
000062 e0e4      	LDI  R30,HIGH(__SRAM_END-__HEAP_SIZE)
000063 bfee      	OUT  SPH,R30
                 
                 ;DATA STACK POINTER INITIALIZATION
000064 e6c0      	LDI  R28,LOW(__SRAM_START+__DSTACK_SIZE)
000065 e0d1      	LDI  R29,HIGH(__SRAM_START+__DSTACK_SIZE)
                 
000066 940c 0068 	JMP  _main
                 
                 	.ESEG
                 	.ORG 0x00
                 
                 	.DSEG
                 	.ORG 0x160
                 
                 	.CSEG
                 	#ifndef __SLEEP_DEFINED__
                 	#define __SLEEP_DEFINED__
                 	.EQU __se_bit=0x40
                 	.EQU __sm_mask=0xB0
                 	.EQU __sm_powerdown=0x20
                 	.EQU __sm_powersave=0x30
                 	.EQU __sm_standby=0xA0
                 	.EQU __sm_ext_standby=0xB0
                 	.EQU __sm_adc_noise_red=0x10
                 	.SET power_ctrl_reg=mcucr
                 	#endif
                 ;unsigned char ic74153();
                 ;void main(void)
                 ; 0000 0010 {
                 
                 	.CSEG
                 _main:
                 ; .FSTART _main
                 ; 0000 0011 UCSRA=(0<<RXC) | (0<<TXC) | (0<<UDRE) | (0<<FE) | (0<<DOR) | (0<<UPE) | (0<<U2X) | (0<<MPCM);
000068 e0e0      	LDI  R30,LOW(0)
000069 b9eb      	OUT  0xB,R30
                 ; 0000 0012 UCSRB=(0<<RXCIE) | (0<<TXCIE) | (0<<UDRIE) | (0<<RXEN) | (1<<TXEN) | (0<<UCSZ2) | (0<<RXB8) | (0<<TXB8);
00006a e0e8      	LDI  R30,LOW(8)
00006b b9ea      	OUT  0xA,R30
                 ; 0000 0013 UCSRC=(1<<URSEL) | (0<<UMSEL) | (0<<UPM1) | (0<<UPM0) | (0<<USBS) | (1<<UCSZ1) | (1<<UCSZ0) | (0<<UCPOL);
00006c e8e6      	LDI  R30,LOW(134)
00006d bde0      	OUT  0x20,R30
                 ; 0000 0014 UBRRH=0x00;
00006e e0e0      	LDI  R30,LOW(0)
00006f bde0      	OUT  0x20,R30
                 ; 0000 0015 UBRRL=0x33;
000070 e3e3      	LDI  R30,LOW(51)
000071 b9e9      	OUT  0x9,R30
                 ; 0000 0016 PORTD = 0x04;
000072 e0e4      	LDI  R30,LOW(4)
000073 bbe2      	OUT  0x12,R30
                 ; 0000 0017 
                 ; 0000 0018 DDRD = 0x00;
000074 e0e0      	LDI  R30,LOW(0)
000075 bbe1      	OUT  0x11,R30
                 ; 0000 0019 PORTD = 0x04;
000076 e0e4      	LDI  R30,LOW(4)
000077 bbe2      	OUT  0x12,R30
                 ; 0000 001A led = 0;
000078 9891      	CBI  0x12,1
                 ; 0000 001B //DDRB = 1;
                 ; 0000 001C 
                 ; 0000 001D while (1)
                 _0x5:
                 ; 0000 001E {
                 ; 0000 001F if (SW == 0){
000079 9982      	SBIC 0x10,2
00007a c010      	RJMP _0x8
                 ; 0000 0020 int check = ic74153();
                 ; 0000 0021 if (check == 1) puts("ic74153");
00007b 9722      	SBIW R28,2
                 ;	check -> Y+0
00007c d010      	RCALL _ic74153
00007d e0f0      	LDI  R31,0
00007e 83e8      	ST   Y,R30
00007f 83f9      	STD  Y+1,R31
000080 81a8      	LD   R26,Y
000081 81b9      	LDD  R27,Y+1
000082 9711      	SBIW R26,1
000083 f419      	BRNE _0x9
                +
000084 e6a0     +LDI R26 , LOW ( _0xA + ( 0 ) )
000085 e0b1     +LDI R27 , HIGH ( _0xA + ( 0 ) )
                 	__POINTW2MN _0xA,0
000086 d0a7      	RCALL _puts
                 ; 0000 0022 delay_ms(500);
                 _0x9:
000087 efa4      	LDI  R26,LOW(500)
000088 e0b1      	LDI  R27,HIGH(500)
000089 d0e9      	RCALL _delay_ms
                 ; 0000 0023 }
00008a 9622      	ADIW R28,2
                 ; 0000 0024 }
                 _0x8:
00008b cfed      	RJMP _0x5
                 ; 0000 0025 }
                 _0xB:
00008c cfff      	RJMP _0xB
                 ; .FEND
                 
                 	.DSEG
                 _0xA:
000160           	.BYTE 0x8
                 ;unsigned char ic74153()
                 ; 0000 0028 {
                 
                 	.CSEG
                 _ic74153:
                 ; .FSTART _ic74153
                 ; 0000 0029 
                 ; 0000 002A signed char j,i;
                 ; 0000 002B unsigned char D = 0x09 , x;
                 ; 0000 002C DDRA = 0xF0;
00008d d0d4      	RCALL __SAVELOCR4
                 ;	j -> R17
                 ;	i -> R16
                 ;	D -> R19
                 ;	x -> R18
00008e e039      	LDI  R19,9
00008f efe0      	LDI  R30,LOW(240)
000090 bbea      	OUT  0x1A,R30
                 ; 0000 002D PORTA = 0;
000091 e0e0      	LDI  R30,LOW(0)
000092 bbeb      	OUT  0x1B,R30
                 ; 0000 002E DDRC = 0xF0;
000093 efe0      	LDI  R30,LOW(240)
000094 bbe4      	OUT  0x14,R30
                 ; 0000 002F PORTC = 0;
000095 e0e0      	LDI  R30,LOW(0)
000096 bbe5      	OUT  0x15,R30
                 ; 0000 0030 DDRD =0xB2;
000097 ebe2      	LDI  R30,LOW(178)
000098 bbe1      	OUT  0x11,R30
                 ; 0000 0031 //DDRD |= 0xB0;
                 ; 0000 0032 PORTD = 0x04;
000099 e0e4      	LDI  R30,LOW(4)
00009a bbe2      	OUT  0x12,R30
                 ; 0000 0033 DDRB = 0X07;
00009b e0e7      	LDI  R30,LOW(7)
00009c bbe7      	OUT  0x17,R30
                 ; 0000 0034 PORTB = 0;
00009d e0e0      	LDI  R30,LOW(0)
00009e bbe8      	OUT  0x18,R30
                 ; 0000 0035 GND = 0;
00009f 9897      	CBI  0x12,7
                 ; 0000 0036 VCC = 1;
0000a0 9aac      	SBI  0x15,4
                 ; 0000 0037 PORTA.4 = 1; PORTC.5 = 1;  //enables
0000a1 9adc      	SBI  0x1B,4
0000a2 9aad      	SBI  0x15,5
                 ; 0000 0038 // input 1001
                 ; 0000 0039 
                 ; 0000 003A for (i = 0;i <= 1;i++)
0000a3 e000      	LDI  R16,LOW(0)
                 _0x15:
0000a4 3002      	CPI  R16,2
0000a5 f5f4      	BRGE _0x16
                 ; 0000 003B {
                 ; 0000 003C PORTA.6 =Read_BIT(D,3);PORTA.7 =Read_BIT(D,2);PORTD.4 =Read_BIT(D,1);PORTD.5 =Read_BIT(D,0);
0000a6 d098      	RCALL SUBOPT_0x0
0000a7 f411      	BRNE _0x17
0000a8 98de      	CBI  0x1B,6
0000a9 c001      	RJMP _0x18
                 _0x17:
0000aa 9ade      	SBI  0x1B,6
                 _0x18:
0000ab d099      	RCALL SUBOPT_0x1
0000ac f411      	BRNE _0x19
0000ad 98df      	CBI  0x1B,7
0000ae c001      	RJMP _0x1A
                 _0x19:
0000af 9adf      	SBI  0x1B,7
                 _0x1A:
0000b0 d09a      	RCALL SUBOPT_0x2
0000b1 f411      	BRNE _0x1B
0000b2 9894      	CBI  0x12,4
0000b3 c001      	RJMP _0x1C
                 _0x1B:
0000b4 9a94      	SBI  0x12,4
                 _0x1C:
0000b5 fd30      	SBRC R19,0
0000b6 c002      	RJMP _0x1D
0000b7 9895      	CBI  0x12,5
0000b8 c001      	RJMP _0x1E
                 _0x1D:
0000b9 9a95      	SBI  0x12,5
                 _0x1E:
                 ; 0000 003D x = 0;
0000ba e020      	LDI  R18,LOW(0)
                 ; 0000 003E for (j = 3; j >= 0;j--)
0000bb e013      	LDI  R17,LOW(3)
                 _0x20:
0000bc 3010      	CPI  R17,0
0000bd f0dc      	BRLT _0x21
                 ; 0000 003F {
                 ; 0000 0040 PORTA.5 = Read_BIT(j,1);
0000be d093      	RCALL SUBOPT_0x3
0000bf f411      	BRNE _0x22
0000c0 98dd      	CBI  0x1B,5
0000c1 c001      	RJMP _0x23
                 _0x22:
0000c2 9add      	SBI  0x1B,5
                 _0x23:
                 ; 0000 0041 PORTC.6 = Read_BIT(j,0);
0000c3 fd10      	SBRC R17,0
0000c4 c002      	RJMP _0x24
0000c5 98ae      	CBI  0x15,6
0000c6 c001      	RJMP _0x25
                 _0x24:
0000c7 9aae      	SBI  0x15,6
                 _0x25:
                 ; 0000 0042 PORTA.4 = 0;
0000c8 98dc      	CBI  0x1B,4
                 ; 0000 0043 delay_ms(30);
0000c9 d091      	RCALL SUBOPT_0x4
                 ; 0000 0044 
                 ; 0000 0045 x = (x << 1) | PIND.6;
0000ca e0e0      	LDI  R30,0
0000cb 9986      	SBIC 0x10,6
0000cc e0e1      	LDI  R30,1
0000cd 2bea      	OR   R30,R26
0000ce 2f2e      	MOV  R18,R30
                 ; 0000 0046 PORTA.4 = 1 ;
0000cf 9adc      	SBI  0x1B,4
                 ; 0000 0047 delay_ms(30);
0000d0 e1ae      	LDI  R26,LOW(30)
0000d1 e0b0      	LDI  R27,0
0000d2 d0a0      	RCALL _delay_ms
                 ; 0000 0048 if (PIND.6 != 0){
0000d3 9b86      	SBIS 0x10,6
0000d4 c002      	RJMP _0x2A
                 ; 0000 0049 return 0;
0000d5 e0e0      	LDI  R30,LOW(0)
0000d6 c065      	RJMP _0x2060001
                 ; 0000 004A }
                 ; 0000 004B 
                 ; 0000 004C }
                 _0x2A:
0000d7 5011      	SUBI R17,1
0000d8 cfe3      	RJMP _0x20
                 _0x21:
                 ; 0000 004D delay_ms(30);
0000d9 e1ae      	LDI  R26,LOW(30)
0000da e0b0      	LDI  R27,0
0000db d097      	RCALL _delay_ms
                 ; 0000 004E if (x != D) {
0000dc 1732      	CP   R19,R18
0000dd f011      	BREQ _0x2B
                 ; 0000 004F return 0;
0000de e0e0      	LDI  R30,LOW(0)
0000df c05c      	RJMP _0x2060001
                 ; 0000 0050 }
                 ; 0000 0051 D^= 0x0F;
                 _0x2B:
0000e0 e0ef      	LDI  R30,LOW(15)
0000e1 273e      	EOR  R19,R30
                 ; 0000 0052 }
0000e2 5f0f      	SUBI R16,-1
0000e3 cfc0      	RJMP _0x15
                 _0x16:
                 ; 0000 0053 
                 ; 0000 0054 D = 0x09 ; x=0;
0000e4 e039      	LDI  R19,LOW(9)
0000e5 e020      	LDI  R18,LOW(0)
                 ; 0000 0055 for (i = 0;i <= 1;i++)
0000e6 e000      	LDI  R16,LOW(0)
                 _0x2D:
0000e7 3002      	CPI  R16,2
0000e8 f5dc      	BRGE _0x2E
                 ; 0000 0056 {
                 ; 0000 0057 PORTC.7 =Read_BIT(D,3);PORTB.0 =Read_BIT(D,2);PORTB.1 =Read_BIT(D,1);PORTB.2 =Read_BIT(D,0);
0000e9 d055      	RCALL SUBOPT_0x0
0000ea f411      	BRNE _0x2F
0000eb 98af      	CBI  0x15,7
0000ec c001      	RJMP _0x30
                 _0x2F:
0000ed 9aaf      	SBI  0x15,7
                 _0x30:
0000ee d056      	RCALL SUBOPT_0x1
0000ef f411      	BRNE _0x31
0000f0 98c0      	CBI  0x18,0
0000f1 c001      	RJMP _0x32
                 _0x31:
0000f2 9ac0      	SBI  0x18,0
                 _0x32:
0000f3 d057      	RCALL SUBOPT_0x2
0000f4 f411      	BRNE _0x33
0000f5 98c1      	CBI  0x18,1
0000f6 c001      	RJMP _0x34
                 _0x33:
0000f7 9ac1      	SBI  0x18,1
                 _0x34:
0000f8 fd30      	SBRC R19,0
0000f9 c002      	RJMP _0x35
0000fa 98c2      	CBI  0x18,2
0000fb c001      	RJMP _0x36
                 _0x35:
0000fc 9ac2      	SBI  0x18,2
                 _0x36:
                 ; 0000 0058 x = 0;
0000fd e020      	LDI  R18,LOW(0)
                 ; 0000 0059 for (j = 3; j >= 0;j--)
0000fe e013      	LDI  R17,LOW(3)
                 _0x38:
0000ff 3010      	CPI  R17,0
000100 f0dc      	BRLT _0x39
                 ; 0000 005A {
                 ; 0000 005B PORTA.5 = Read_BIT(j,1);
000101 d050      	RCALL SUBOPT_0x3
000102 f411      	BRNE _0x3A
000103 98dd      	CBI  0x1B,5
000104 c001      	RJMP _0x3B
                 _0x3A:
000105 9add      	SBI  0x1B,5
                 _0x3B:
                 ; 0000 005C PORTC.6 = Read_BIT(j,0);
000106 fd10      	SBRC R17,0
000107 c002      	RJMP _0x3C
000108 98ae      	CBI  0x15,6
000109 c001      	RJMP _0x3D
                 _0x3C:
00010a 9aae      	SBI  0x15,6
                 _0x3D:
                 ; 0000 005D PORTC.5 = 0;
00010b 98ad      	CBI  0x15,5
                 ; 0000 005E delay_ms(30);
00010c d04e      	RCALL SUBOPT_0x4
                 ; 0000 005F 
                 ; 0000 0060 x = (x << 1) | PINB.3;
00010d e0e0      	LDI  R30,0
00010e 99b3      	SBIC 0x16,3
00010f e0e1      	LDI  R30,1
000110 2bea      	OR   R30,R26
000111 2f2e      	MOV  R18,R30
                 ; 0000 0061 PORTC.5 =1;
000112 9aad      	SBI  0x15,5
                 ; 0000 0062 delay_ms(30);
000113 e1ae      	LDI  R26,LOW(30)
000114 e0b0      	LDI  R27,0
000115 d05d      	RCALL _delay_ms
                 ; 0000 0063 if (PINB.3 != 0) {
000116 9bb3      	SBIS 0x16,3
000117 c002      	RJMP _0x42
                 ; 0000 0064 return 0;
000118 e0e0      	LDI  R30,LOW(0)
000119 c022      	RJMP _0x2060001
                 ; 0000 0065 }
                 ; 0000 0066 
                 ; 0000 0067 }
                 _0x42:
00011a 5011      	SUBI R17,1
00011b cfe3      	RJMP _0x38
                 _0x39:
                 ; 0000 0068 if (x != D) {
00011c 1732      	CP   R19,R18
00011d f011      	BREQ _0x43
                 ; 0000 0069 return 0;
00011e e0e0      	LDI  R30,LOW(0)
00011f c01c      	RJMP _0x2060001
                 ; 0000 006A }
                 ; 0000 006B D^= 0x0F;
                 _0x43:
000120 e0ef      	LDI  R30,LOW(15)
000121 273e      	EOR  R19,R30
                 ; 0000 006C 
                 ; 0000 006D }
000122 5f0f      	SUBI R16,-1
000123 cfc3      	RJMP _0x2D
                 _0x2E:
                 ; 0000 006E VCC = 0;
000124 98ac      	CBI  0x15,4
                 ; 0000 006F return 1;
000125 e0e1      	LDI  R30,LOW(1)
000126 c015      	RJMP _0x2060001
                 ; 0000 0070 }
                 ; .FEND
                 	#ifndef __SLEEP_DEFINED__
                 	#endif
                 
                 	.CSEG
                 _putchar:
                 ; .FSTART _putchar
000127 93aa      	ST   -Y,R26
                 putchar0:
000128 9b5d           sbis usr,udre
000129 cffe           rjmp putchar0
00012a 81e8           ld   r30,y
00012b b9ec           out  udr,r30
00012c 9621      	ADIW R28,1
00012d 9508      	RET
                 ; .FEND
                 _puts:
                 ; .FSTART _puts
00012e d033      	RCALL __SAVELOCR4
00012f 019d      	MOVW R18,R26
                 _0x2000003:
000130 01d9      	MOVW R26,R18
                +
000131 5f2f     +SUBI R18 , LOW ( - 1 )
000132 4f3f     +SBCI R19 , HIGH ( - 1 )
                 	__ADDWRN 18,19,1
000133 91ec      	LD   R30,X
000134 2f1e      	MOV  R17,R30
000135 30e0      	CPI  R30,0
000136 f019      	BREQ _0x2000005
000137 2fa1      	MOV  R26,R17
000138 dfee      	RCALL _putchar
000139 cff6      	RJMP _0x2000003
                 _0x2000005:
00013a e0aa      	LDI  R26,LOW(10)
00013b dfeb      	RCALL _putchar
                 _0x2060001:
00013c d02a      	RCALL __LOADLOCR4
00013d 9624      	ADIW R28,4
00013e 9508      	RET
                 ; .FEND
                 
                 	.CSEG
                 
                 	.CSEG
                 
                 	.CSEG
                 ;OPTIMIZER ADDED SUBROUTINE, CALLED 2 TIMES, CODE SIZE REDUCTION:2 WORDS
                 SUBOPT_0x0:
00013f 2fe3      	MOV  R30,R19
000140 70e8      	ANDI R30,LOW(0x8)
000141 e0f0      	LDI  R31,0
000142 d029      	RCALL __ASRW3
000143 30e0      	CPI  R30,0
000144 9508      	RET
                 
                 ;OPTIMIZER ADDED SUBROUTINE, CALLED 2 TIMES, CODE SIZE REDUCTION:2 WORDS
                 SUBOPT_0x1:
000145 2fe3      	MOV  R30,R19
000146 70e4      	ANDI R30,LOW(0x4)
000147 e0f0      	LDI  R31,0
000148 d025      	RCALL __ASRW2
000149 30e0      	CPI  R30,0
00014a 9508      	RET
                 
                 ;OPTIMIZER ADDED SUBROUTINE, CALLED 2 TIMES, CODE SIZE REDUCTION:3 WORDS
                 SUBOPT_0x2:
00014b 2fe3      	MOV  R30,R19
00014c 70e2      	ANDI R30,LOW(0x2)
00014d e0f0      	LDI  R31,0
00014e 95f5      	ASR  R31
00014f 95e7      	ROR  R30
000150 30e0      	CPI  R30,0
000151 9508      	RET
                 
                 ;OPTIMIZER ADDED SUBROUTINE, CALLED 2 TIMES, CODE SIZE REDUCTION:5 WORDS
                 SUBOPT_0x3:
000152 2fe1      	MOV  R30,R17
000153 70e2      	ANDI R30,LOW(0x2)
000154 e0f0      	LDI  R31,0
000155 fde7      	SBRC R30,7
000156 efff      	SER  R31
000157 95f5      	ASR  R31
000158 95e7      	ROR  R30
000159 30e0      	CPI  R30,0
00015a 9508      	RET
                 
                 ;OPTIMIZER ADDED SUBROUTINE, CALLED 2 TIMES, CODE SIZE REDUCTION:3 WORDS
                 SUBOPT_0x4:
00015b e1ae      	LDI  R26,LOW(30)
00015c e0b0      	LDI  R27,0
00015d d015      	RCALL _delay_ms
00015e 2fe2      	MOV  R30,R18
00015f 0fee      	LSL  R30
000160 2fae      	MOV  R26,R30
000161 9508      	RET
                 
                 ;RUNTIME LIBRARY
                 
                 	.CSEG
                 __SAVELOCR4:
000162 933a      	ST   -Y,R19
                 __SAVELOCR3:
000163 932a      	ST   -Y,R18
                 __SAVELOCR2:
000164 931a      	ST   -Y,R17
000165 930a      	ST   -Y,R16
000166 9508      	RET
                 
                 __LOADLOCR4:
000167 813b      	LDD  R19,Y+3
                 __LOADLOCR3:
000168 812a      	LDD  R18,Y+2
                 __LOADLOCR2:
000169 8119      	LDD  R17,Y+1
00016a 8108      	LD   R16,Y
00016b 9508      	RET
                 
                 __ASRW3:
00016c 95f5      	ASR  R31
00016d 95e7      	ROR  R30
                 __ASRW2:
00016e 95f5      	ASR  R31
00016f 95e7      	ROR  R30
000170 95f5      	ASR  R31
000171 95e7      	ROR  R30
000172 9508      	RET
                 
                 _delay_ms:
000173 9610      	adiw r26,0
000174 f039      	breq __delay_ms1
                 __delay_ms0:
000175 95a8      	wdr
                +
000176 ed80     +LDI R24 , LOW ( 0x7D0 )
000177 e097     +LDI R25 , HIGH ( 0x7D0 )
                +__DELAY_USW_LOOP :
000178 9701     +SBIW R24 , 1
000179 f7f1     +BRNE __DELAY_USW_LOOP
                 	__DELAY_USW 0x7D0
00017a 9711      	sbiw r26,1
00017b f7c9      	brne __delay_ms0
                 __delay_ms1:
00017c 9508      	ret
                 
                 ;END OF CODE MARKER
                 __END_OF_CODE:


RESOURCE USE INFORMATION
------------------------

Notice:
The register and instruction counts are symbol table hit counts,
and hence implicitly used resources are not counted, eg, the
'lpm' instruction without operands implicitly uses r0 and z,
none of which are counted.

x,y,z are separate entities in the symbol table and are
counted separately from r26..r31 here.

.dseg memory usage only counts static data declared with .byte

ATmega16 register use summary:
r0 :   4 r1 :   1 r2 :   0 r3 :   0 r4 :   0 r5 :   0 r6 :   0 r7 :   0 
r8 :   0 r9 :   0 r10:   0 r11:   0 r12:   0 r13:   0 r14:   0 r15:   0 
r16:   8 r17:  13 r18:  13 r19:  14 r20:   0 r21:   0 r22:   2 r23:   0 
r24:   9 r25:   3 r26:  21 r27:   9 r28:   5 r29:   1 r30:  90 r31:  15 
x  :   4 y  :  14 z  :   7 
Registers used: 18 out of 35 (51.4%)

ATmega16 instruction use summary:
.lds  :   0 .lds.l:   0 .sts  :   0 .sts.l:   0 adc   :   0 add   :   0 
adiw  :   4 and   :   0 andi  :   4 asr   :   5 bclr  :   0 bld   :   0 
brbc  :   0 brbs  :   0 brcc  :   0 brcs  :   0 break :   0 breq  :   5 
brge  :   2 brhc  :   0 brhs  :   0 brid  :   0 brie  :   0 brlo  :   0 
brlt  :   2 brmi  :   0 brne  :  14 brpl  :   0 brsh  :   0 brtc  :   0 
brts  :   0 brvc  :   0 brvs  :   0 bset  :   0 bst   :   0 call  :   0 
cbi   :  17 cbr   :   0 clc   :   0 clh   :   0 cli   :   1 cln   :   0 
clr   :   2 cls   :   0 clt   :   0 clv   :   0 clz   :   0 com   :   0 
cp    :   2 cpc   :   0 cpi   :   9 cpse  :   0 dec   :   1 des   :   0 
eor   :   2 fmul  :   0 fmuls :   0 fmulsu:   0 icall :   0 ijmp  :   0 
in    :   0 inc   :   0 jmp   :  22 ld    :   4 ldd   :   4 ldi   :  68 
lds   :   0 lpm   :   7 lsl   :   1 lsr   :   0 mov   :  10 movw  :   5 
mul   :   0 muls  :   0 mulsu :   0 neg   :   0 nop   :   0 or    :   2 
ori   :   0 out   :  23 pop   :   0 push  :   0 rcall :  24 ret   :  11 
reti  :   0 rjmp  :  33 rol   :   0 ror   :   5 sbc   :   0 sbci  :   1 
sbi   :  17 sbic  :   3 sbis  :   3 sbiw  :   7 sbr   :   0 sbrc  :   5 
sbrs  :   0 sec   :   0 seh   :   0 sei   :   0 sen   :   0 ser   :   1 
ses   :   0 set   :   0 sev   :   0 sez   :   0 sleep :   0 spm   :   0 
st    :   9 std   :   1 sts   :   0 sub   :   0 subi  :   5 swap  :   0 
tst   :   0 wdr   :   1 
Instructions used: 39 out of 116 (33.6%)

ATmega16 memory use summary [bytes]:
Segment   Begin    End      Code   Data   Used    Size   Use%
---------------------------------------------------------------
[.cseg] 0x000000 0x0002fa    728     34    762   16384   4.7%
[.dseg] 0x000060 0x000168      0      8      8    1024   0.8%
[.eseg] 0x000000 0x000000      0      0      0     512   0.0%

Assembly complete, 0 errors, 0 warnings
